This file contains any messages produced by compilers while
running configure, to aid debugging if configure makes a mistake.

It was created by agent2d configure 3.1.1, which was
generated by GNU Autoconf 2.68.  Invocation command line was

  $ ./configure 

## --------- ##
## Platform. ##
## --------- ##

hostname = Fernandos-MacBook-Pro.local
uname -m = x86_64
uname -r = 16.7.0
uname -s = Darwin
uname -v = Darwin Kernel Version 16.7.0: Thu Jun 15 17:36:27 PDT 2017; root:xnu-3789.70.16~2/RELEASE_X86_64

/usr/bin/uname -p = i386
/bin/uname -X     = unknown

/bin/arch              = unknown
/usr/bin/arch -k       = unknown
/usr/convex/getsysinfo = unknown
/usr/bin/hostinfo      = Mach kernel version:
	 Darwin Kernel Version 16.7.0: Thu Jun 15 17:36:27 PDT 2017; root:xnu-3789.70.16~2/RELEASE_X86_64
Kernel configured for up to 8 processors.
4 processors are physically available.
8 processors are logically available.
Processor type: x86_64h (Intel x86-64h Haswell)
Processors active: 0 1 2 3 4 5 6 7
Primary memory available: 16.00 gigabytes
Default processor set: 343 tasks, 1275 threads, 8 processors
Load average: 1.25, Mach factor: 6.73
/bin/machine           = unknown
/usr/bin/oslevel       = unknown
/bin/universe          = unknown

PATH: "/usr/local/bin
PATH: /Users/fernando/bin
PATH: /Library/Frameworks/Python.framework/Versions/3.6/bin
PATH: /Users/fernando/opensim-core/bin
PATH: /fernando/bin
PATH: /opt/local/bin
PATH: /usr/local/bin
PATH: /usr/bin
PATH: /bin
PATH: /usr/sbin
PATH: /sbin
PATH: /opt/X11/bin
PATH: /Library/TeX/texbin"


## ----------- ##
## Core tests. ##
## ----------- ##

configure:2293: checking for a BSD-compatible install
configure:2361: result: /usr/bin/install -c
configure:2372: checking whether build environment is sane
configure:2422: result: yes
configure:2563: checking for a thread-safe mkdir -p
configure:2602: result: config/install-sh -c -d
configure:2615: checking for gawk
configure:2645: result: no
configure:2615: checking for mawk
configure:2645: result: no
configure:2615: checking for nawk
configure:2645: result: no
configure:2615: checking for awk
configure:2631: found /usr/bin/awk
configure:2642: result: awk
configure:2653: checking whether make sets $(MAKE)
configure:2675: result: yes
configure:2823: checking for g++
configure:2839: found /usr/bin/g++
configure:2850: result: g++
configure:2877: checking for C++ compiler version
configure:2886: g++ --version >&5
Apple LLVM version 8.1.0 (clang-802.0.42)
Target: x86_64-apple-darwin16.7.0
Thread model: posix
InstalledDir: /Applications/Xcode.app/Contents/Developer/Toolchains/XcodeDefault.xctoolchain/usr/bin
Configured with: --prefix=/Applications/Xcode.app/Contents/Developer/usr --with-gxx-include-dir=/usr/include/c++/4.2.1
configure:2897: $? = 0
configure:2886: g++ -v >&5
Configured with: --prefix=/Applications/Xcode.app/Contents/Developer/usr --with-gxx-include-dir=/usr/include/c++/4.2.1
Apple LLVM version 8.1.0 (clang-802.0.42)
Target: x86_64-apple-darwin16.7.0
Thread model: posix
InstalledDir: /Applications/Xcode.app/Contents/Developer/Toolchains/XcodeDefault.xctoolchain/usr/bin
configure:2897: $? = 0
configure:2886: g++ -V >&5
clang: error: argument to '-V' is missing (expected 1 value)
clang: error: no input files
configure:2897: $? = 1
configure:2886: g++ -qversion >&5
clang: error: unknown argument: '-qversion'
clang: error: no input files
configure:2897: $? = 1
configure:2917: checking whether the C++ compiler works
configure:2939: g++    conftest.cpp  >&5
configure:2943: $? = 0
configure:2991: result: yes
configure:2994: checking for C++ compiler default output file name
configure:2996: result: a.out
configure:3002: checking for suffix of executables
configure:3009: g++ -o conftest    conftest.cpp  >&5
configure:3013: $? = 0
configure:3035: result: 
configure:3057: checking whether we are cross compiling
configure:3065: g++ -o conftest    conftest.cpp  >&5
configure:3069: $? = 0
configure:3076: ./conftest
configure:3080: $? = 0
configure:3095: result: no
configure:3100: checking for suffix of object files
configure:3122: g++ -c   conftest.cpp >&5
configure:3126: $? = 0
configure:3147: result: o
configure:3151: checking whether we are using the GNU C++ compiler
configure:3170: g++ -c   conftest.cpp >&5
configure:3170: $? = 0
configure:3179: result: yes
configure:3188: checking whether g++ accepts -g
configure:3208: g++ -c -g  conftest.cpp >&5
configure:3208: $? = 0
configure:3249: result: yes
configure:3283: checking for style of include used by make
configure:3311: result: GNU
configure:3336: checking dependency style of g++
configure:3446: result: gcc3
configure:3509: checking for gcc
configure:3525: found /usr/bin/gcc
configure:3536: result: gcc
configure:3765: checking for C compiler version
configure:3774: gcc --version >&5
Apple LLVM version 8.1.0 (clang-802.0.42)
Target: x86_64-apple-darwin16.7.0
Thread model: posix
InstalledDir: /Applications/Xcode.app/Contents/Developer/Toolchains/XcodeDefault.xctoolchain/usr/bin
Configured with: --prefix=/Applications/Xcode.app/Contents/Developer/usr --with-gxx-include-dir=/usr/include/c++/4.2.1
configure:3785: $? = 0
configure:3774: gcc -v >&5
Configured with: --prefix=/Applications/Xcode.app/Contents/Developer/usr --with-gxx-include-dir=/usr/include/c++/4.2.1
Apple LLVM version 8.1.0 (clang-802.0.42)
Target: x86_64-apple-darwin16.7.0
Thread model: posix
InstalledDir: /Applications/Xcode.app/Contents/Developer/Toolchains/XcodeDefault.xctoolchain/usr/bin
configure:3785: $? = 0
configure:3774: gcc -V >&5
clang: error: argument to '-V' is missing (expected 1 value)
clang: error: no input files
configure:3785: $? = 1
configure:3774: gcc -qversion >&5
clang: error: unknown argument: '-qversion'
clang: error: no input files
configure:3785: $? = 1
configure:3789: checking whether we are using the GNU C compiler
configure:3808: gcc -c   conftest.c >&5
configure:3808: $? = 0
configure:3817: result: yes
configure:3826: checking whether gcc accepts -g
configure:3846: gcc -c -g  conftest.c >&5
configure:3846: $? = 0
configure:3887: result: yes
configure:3904: checking for gcc option to accept ISO C89
configure:3968: gcc  -c -g -O2  conftest.c >&5
configure:3968: $? = 0
configure:3981: result: none needed
configure:4003: checking dependency style of gcc
configure:4113: result: gcc3
configure:4171: checking for ranlib
configure:4187: found /usr/bin/ranlib
configure:4198: result: ranlib
configure:4220: checking whether ln -s works
configure:4224: result: yes
configure:4283: checking for boostlib >= 1.32.0
configure:4343: g++ -c -g -O2  -I/usr/local/include conftest.cpp >&5
configure:4343: $? = 0
configure:4345: result: yes
configure:4519: checking for cos in -lm
configure:4544: g++ -o conftest -g -O2  -I/usr/local/include  -L/usr/local/lib64 conftest.cpp -lm   >&5
ld: warning: directory not found for option '-L/usr/local/lib64'
configure:4544: $? = 0
configure:4553: result: yes
configure:4561: checking for deflate in -lz
configure:4586: g++ -o conftest -g -O2  -I/usr/local/include  -L/usr/local/lib64 conftest.cpp -lz  -lm  >&5
ld: warning: directory not found for option '-L/usr/local/lib64'
configure:4586: $? = 0
configure:4595: result: yes
configure:4607: checking for main in -lrcsc_geom
configure:4626: g++ -o conftest -g -O2  -I/usr/local/include  -L/usr/local/lib64 conftest.cpp -lrcsc_geom  -lz -lm  >&5
ld: warning: directory not found for option '-L/usr/local/lib64'
configure:4626: $? = 0
configure:4635: result: yes
configure:4643: checking for main in -lrcsc_rcg
configure:4662: g++ -o conftest -g -O2  -I/usr/local/include  -L/usr/local/lib64 conftest.cpp -lrcsc_rcg  -lrcsc_geom -lz -lm  >&5
ld: warning: directory not found for option '-L/usr/local/lib64'
configure:4662: $? = 0
configure:4671: result: yes
configure:4680: checking for main in -lrcsc_gz
configure:4699: g++ -o conftest -g -O2  -I/usr/local/include  -L/usr/local/lib64 conftest.cpp -lrcsc_gz  -lrcsc_rcg -lrcsc_geom -lz -lm  >&5
ld: warning: directory not found for option '-L/usr/local/lib64'
configure:4699: $? = 0
configure:4708: result: yes
configure:4719: checking for main in -lrcsc_param
configure:4738: g++ -o conftest -g -O2  -I/usr/local/include  -L/usr/local/lib64 conftest.cpp -lrcsc_param  -lrcsc_gz -lrcsc_rcg -lrcsc_geom -lz -lm  >&5
ld: warning: directory not found for option '-L/usr/local/lib64'
configure:4738: $? = 0
configure:4747: result: yes
configure:4755: checking for main in -lrcsc_time
configure:4774: g++ -o conftest -g -O2  -I/usr/local/include  -L/usr/local/lib64 conftest.cpp -lrcsc_time  -lrcsc_param -lrcsc_gz -lrcsc_rcg -lrcsc_geom -lz -lm  >&5
ld: warning: directory not found for option '-L/usr/local/lib64'
configure:4774: $? = 0
configure:4783: result: yes
configure:4791: checking for main in -lrcsc_net
configure:4810: g++ -o conftest -g -O2  -I/usr/local/include  -L/usr/local/lib64 conftest.cpp -lrcsc_net  -lrcsc_time -lrcsc_param -lrcsc_gz -lrcsc_rcg -lrcsc_geom -lz -lm  >&5
ld: warning: directory not found for option '-L/usr/local/lib64'
configure:4810: $? = 0
configure:4819: result: yes
configure:4827: checking for main in -lrcsc_ann
configure:4846: g++ -o conftest -g -O2  -I/usr/local/include  -L/usr/local/lib64 conftest.cpp -lrcsc_ann  -lrcsc_net -lrcsc_time -lrcsc_param -lrcsc_gz -lrcsc_rcg -lrcsc_geom -lz -lm  >&5
ld: warning: directory not found for option '-L/usr/local/lib64'
configure:4846: $? = 0
configure:4855: result: yes
configure:4863: checking for main in -lrcsc_agent
configure:4882: g++ -o conftest -g -O2  -I/usr/local/include  -L/usr/local/lib64 conftest.cpp -lrcsc_agent  -lrcsc_ann -lrcsc_net -lrcsc_time -lrcsc_param -lrcsc_gz -lrcsc_rcg -lrcsc_geom -lz -lm  >&5
ld: warning: directory not found for option '-L/usr/local/lib64'
configure:4882: $? = 0
configure:4891: result: yes
configure:4907: checking how to run the C++ preprocessor
configure:4934: g++ -E  -I/usr/local/include conftest.cpp
configure:4934: $? = 0
configure:4948: g++ -E  -I/usr/local/include conftest.cpp
conftest.cpp:14:10: fatal error: 'ac_nonexistent.h' file not found
#include <ac_nonexistent.h>
         ^
1 error generated.
configure:4948: $? = 1
configure: failed program was:
| /* confdefs.h */
| #define PACKAGE_NAME "agent2d"
| #define PACKAGE_TARNAME "agent2d"
| #define PACKAGE_VERSION "3.1.1"
| #define PACKAGE_STRING "agent2d 3.1.1"
| #define PACKAGE_BUGREPORT "akky@users.sourceforge.jp"
| #define PACKAGE_URL ""
| #define PACKAGE "agent2d"
| #define VERSION "3.1.1"
| #define HAVE_BOOST /**/
| #define HAVE_LIBZ 1
| #define HAVE_LIBRCSC_GZ 1
| /* end confdefs.h.  */
| #include <ac_nonexistent.h>
configure:4973: result: g++ -E
configure:4993: g++ -E  -I/usr/local/include conftest.cpp
configure:4993: $? = 0
configure:5007: g++ -E  -I/usr/local/include conftest.cpp
conftest.cpp:14:10: fatal error: 'ac_nonexistent.h' file not found
#include <ac_nonexistent.h>
         ^
1 error generated.
configure:5007: $? = 1
configure: failed program was:
| /* confdefs.h */
| #define PACKAGE_NAME "agent2d"
| #define PACKAGE_TARNAME "agent2d"
| #define PACKAGE_VERSION "3.1.1"
| #define PACKAGE_STRING "agent2d 3.1.1"
| #define PACKAGE_BUGREPORT "akky@users.sourceforge.jp"
| #define PACKAGE_URL ""
| #define PACKAGE "agent2d"
| #define VERSION "3.1.1"
| #define HAVE_BOOST /**/
| #define HAVE_LIBZ 1
| #define HAVE_LIBRCSC_GZ 1
| /* end confdefs.h.  */
| #include <ac_nonexistent.h>
configure:5036: checking for grep that handles long lines and -e
configure:5094: result: /usr/bin/grep
configure:5099: checking for egrep
configure:5161: result: /usr/bin/grep -E
configure:5166: checking for ANSI C header files
configure:5186: g++ -c -g -O2  -I/usr/local/include conftest.cpp >&5
configure:5186: $? = 0
configure:5259: g++ -o conftest -g -O2  -I/usr/local/include  -L/usr/local/lib64 conftest.cpp -lrcsc_agent -lrcsc_ann -lrcsc_net -lrcsc_time -lrcsc_param -lrcsc_gz -lrcsc_rcg -lrcsc_geom -lz -lm  >&5
ld: warning: directory not found for option '-L/usr/local/lib64'
configure:5259: $? = 0
configure:5259: ./conftest
configure:5259: $? = 0
configure:5270: result: yes
configure:5283: checking for sys/types.h
configure:5283: g++ -c -g -O2  -I/usr/local/include conftest.cpp >&5
configure:5283: $? = 0
configure:5283: result: yes
configure:5283: checking for sys/stat.h
configure:5283: g++ -c -g -O2  -I/usr/local/include conftest.cpp >&5
configure:5283: $? = 0
configure:5283: result: yes
configure:5283: checking for stdlib.h
configure:5283: g++ -c -g -O2  -I/usr/local/include conftest.cpp >&5
configure:5283: $? = 0
configure:5283: result: yes
configure:5283: checking for string.h
configure:5283: g++ -c -g -O2  -I/usr/local/include conftest.cpp >&5
configure:5283: $? = 0
configure:5283: result: yes
configure:5283: checking for memory.h
configure:5283: g++ -c -g -O2  -I/usr/local/include conftest.cpp >&5
configure:5283: $? = 0
configure:5283: result: yes
configure:5283: checking for strings.h
configure:5283: g++ -c -g -O2  -I/usr/local/include conftest.cpp >&5
configure:5283: $? = 0
configure:5283: result: yes
configure:5283: checking for inttypes.h
configure:5283: g++ -c -g -O2  -I/usr/local/include conftest.cpp >&5
configure:5283: $? = 0
configure:5283: result: yes
configure:5283: checking for stdint.h
configure:5283: g++ -c -g -O2  -I/usr/local/include conftest.cpp >&5
configure:5283: $? = 0
configure:5283: result: yes
configure:5283: checking for unistd.h
configure:5283: g++ -c -g -O2  -I/usr/local/include conftest.cpp >&5
configure:5283: $? = 0
configure:5283: result: yes
configure:5297: checking rcsc/types.h usability
configure:5297: g++ -c -g -O2  -I/usr/local/include conftest.cpp >&5
configure:5297: $? = 0
configure:5297: result: yes
configure:5297: checking rcsc/types.h presence
configure:5297: g++ -E  -I/usr/local/include conftest.cpp
configure:5297: $? = 0
configure:5297: result: yes
configure:5297: checking for rcsc/types.h
configure:5297: result: yes
configure:5310: checking for stdbool.h that conforms to C99
configure:5377: g++ -c -g -O2  -I/usr/local/include conftest.cpp >&5
conftest.cpp:74:12: warning: address of 's' will always evaluate to 'true' [-Wpointer-bool-conversion]
        bool e = &s;
             ~    ^
conftest.cpp:78:11: warning: address of array 'a' will always evaluate to 'true' [-Wpointer-bool-conversion]
        return (!a + !b + !c + !d + !e + !f + !g + !h + !i + !!j + !k + !!l
                ~^
conftest.cpp:78:16: warning: address of array 'b' will always evaluate to 'true' [-Wpointer-bool-conversion]
        return (!a + !b + !c + !d + !e + !f + !g + !h + !i + !!j + !k + !!l
                     ~^
conftest.cpp:78:21: warning: address of array 'c' will always evaluate to 'true' [-Wpointer-bool-conversion]
        return (!a + !b + !c + !d + !e + !f + !g + !h + !i + !!j + !k + !!l
                          ~^
conftest.cpp:78:26: warning: address of array 'd' will always evaluate to 'true' [-Wpointer-bool-conversion]
        return (!a + !b + !c + !d + !e + !f + !g + !h + !i + !!j + !k + !!l
                               ~^
conftest.cpp:78:36: warning: address of array 'f' will always evaluate to 'true' [-Wpointer-bool-conversion]
        return (!a + !b + !c + !d + !e + !f + !g + !h + !i + !!j + !k + !!l
                                         ~^
conftest.cpp:78:41: warning: address of array 'g' will always evaluate to 'true' [-Wpointer-bool-conversion]
        return (!a + !b + !c + !d + !e + !f + !g + !h + !i + !!j + !k + !!l
                                              ~^
conftest.cpp:78:46: warning: address of array 'h' will always evaluate to 'true' [-Wpointer-bool-conversion]
        return (!a + !b + !c + !d + !e + !f + !g + !h + !i + !!j + !k + !!l
                                                   ~^
conftest.cpp:78:51: warning: address of array 'i' will always evaluate to 'true' [-Wpointer-bool-conversion]
        return (!a + !b + !c + !d + !e + !f + !g + !h + !i + !!j + !k + !!l
                                                        ~^
conftest.cpp:79:11: warning: address of array 'n' will always evaluate to 'true' [-Wpointer-bool-conversion]
                       ~^
conftest.cpp:79:16: warning: address of array 'o' will always evaluate to 'true' [-Wpointer-bool-conversion]
                            ~^
conftest.cpp:79:21: warning: address of array 'p' will always evaluate to 'true' [-Wpointer-bool-conversion]
                                 ~^
12 warnings generated.
configure:5377: $? = 0
configure:5384: result: yes
configure:5386: checking for _Bool
configure:5386: g++ -c -g -O2  -I/usr/local/include conftest.cpp >&5
conftest.cpp:61:13: error: use of undeclared identifier '_Bool'
if (sizeof (_Bool))
            ^
1 error generated.
configure:5386: $? = 1
configure: failed program was:
| /* confdefs.h */
| #define PACKAGE_NAME "agent2d"
| #define PACKAGE_TARNAME "agent2d"
| #define PACKAGE_VERSION "3.1.1"
| #define PACKAGE_STRING "agent2d 3.1.1"
| #define PACKAGE_BUGREPORT "akky@users.sourceforge.jp"
| #define PACKAGE_URL ""
| #define PACKAGE "agent2d"
| #define VERSION "3.1.1"
| #define HAVE_BOOST /**/
| #define HAVE_LIBZ 1
| #define HAVE_LIBRCSC_GZ 1
| #define STDC_HEADERS 1
| #define HAVE_SYS_TYPES_H 1
| #define HAVE_SYS_STAT_H 1
| #define HAVE_STDLIB_H 1
| #define HAVE_STRING_H 1
| #define HAVE_MEMORY_H 1
| #define HAVE_STRINGS_H 1
| #define HAVE_INTTYPES_H 1
| #define HAVE_STDINT_H 1
| #define HAVE_UNISTD_H 1
| #define HAVE_RCSC_TYPES_H 1
| /* end confdefs.h.  */
| #include <stdio.h>
| #ifdef HAVE_SYS_TYPES_H
| # include <sys/types.h>
| #endif
| #ifdef HAVE_SYS_STAT_H
| # include <sys/stat.h>
| #endif
| #ifdef STDC_HEADERS
| # include <stdlib.h>
| # include <stddef.h>
| #else
| # ifdef HAVE_STDLIB_H
| #  include <stdlib.h>
| # endif
| #endif
| #ifdef HAVE_STRING_H
| # if !defined STDC_HEADERS && defined HAVE_MEMORY_H
| #  include <memory.h>
| # endif
| # include <string.h>
| #endif
| #ifdef HAVE_STRINGS_H
| # include <strings.h>
| #endif
| #ifdef HAVE_INTTYPES_H
| # include <inttypes.h>
| #endif
| #ifdef HAVE_STDINT_H
| # include <stdint.h>
| #endif
| #ifdef HAVE_UNISTD_H
| # include <unistd.h>
| #endif
| int
| main ()
| {
| if (sizeof (_Bool))
| 	 return 0;
|   ;
|   return 0;
| }
configure:5386: result: no
configure:5402: checking for an ANSI C-conforming const
configure:5467: g++ -c -g -O2  -I/usr/local/include conftest.cpp >&5
configure:5467: $? = 0
configure:5474: result: yes
configure:5482: checking for inline
configure:5498: g++ -c -g -O2  -I/usr/local/include conftest.cpp >&5
configure:5498: $? = 0
configure:5506: result: inline
configure:5524: checking for size_t
configure:5524: g++ -c -g -O2  -I/usr/local/include conftest.cpp >&5
configure:5524: $? = 0
configure:5524: g++ -c -g -O2  -I/usr/local/include conftest.cpp >&5
conftest.cpp:62:21: error: expected expression
if (sizeof ((size_t)))
                    ^
1 error generated.
configure:5524: $? = 1
configure: failed program was:
| /* confdefs.h */
| #define PACKAGE_NAME "agent2d"
| #define PACKAGE_TARNAME "agent2d"
| #define PACKAGE_VERSION "3.1.1"
| #define PACKAGE_STRING "agent2d 3.1.1"
| #define PACKAGE_BUGREPORT "akky@users.sourceforge.jp"
| #define PACKAGE_URL ""
| #define PACKAGE "agent2d"
| #define VERSION "3.1.1"
| #define HAVE_BOOST /**/
| #define HAVE_LIBZ 1
| #define HAVE_LIBRCSC_GZ 1
| #define STDC_HEADERS 1
| #define HAVE_SYS_TYPES_H 1
| #define HAVE_SYS_STAT_H 1
| #define HAVE_STDLIB_H 1
| #define HAVE_STRING_H 1
| #define HAVE_MEMORY_H 1
| #define HAVE_STRINGS_H 1
| #define HAVE_INTTYPES_H 1
| #define HAVE_STDINT_H 1
| #define HAVE_UNISTD_H 1
| #define HAVE_RCSC_TYPES_H 1
| #define HAVE_STDBOOL_H 1
| /* end confdefs.h.  */
| #include <stdio.h>
| #ifdef HAVE_SYS_TYPES_H
| # include <sys/types.h>
| #endif
| #ifdef HAVE_SYS_STAT_H
| # include <sys/stat.h>
| #endif
| #ifdef STDC_HEADERS
| # include <stdlib.h>
| # include <stddef.h>
| #else
| # ifdef HAVE_STDLIB_H
| #  include <stdlib.h>
| # endif
| #endif
| #ifdef HAVE_STRING_H
| # if !defined STDC_HEADERS && defined HAVE_MEMORY_H
| #  include <memory.h>
| # endif
| # include <string.h>
| #endif
| #ifdef HAVE_STRINGS_H
| # include <strings.h>
| #endif
| #ifdef HAVE_INTTYPES_H
| # include <inttypes.h>
| #endif
| #ifdef HAVE_STDINT_H
| # include <stdint.h>
| #endif
| #ifdef HAVE_UNISTD_H
| # include <unistd.h>
| #endif
| int
| main ()
| {
| if (sizeof ((size_t)))
| 	    return 0;
|   ;
|   return 0;
| }
configure:5524: result: yes
configure:5535: checking whether time.h and sys/time.h may both be included
configure:5555: g++ -c -g -O2  -I/usr/local/include conftest.cpp >&5
configure:5555: $? = 0
configure:5562: result: yes
configure:5587: checking for ANSI C header files
configure:5691: result: yes
configure:5702: checking for floor
configure:5702: g++ -o conftest -g -O2  -I/usr/local/include  -L/usr/local/lib64 conftest.cpp -lrcsc_agent -lrcsc_ann -lrcsc_net -lrcsc_time -lrcsc_param -lrcsc_gz -lrcsc_rcg -lrcsc_geom -lz -lm  >&5
ld: warning: directory not found for option '-L/usr/local/lib64'
configure:5702: $? = 0
configure:5702: result: yes
configure:5702: checking for pow
configure:5702: g++ -o conftest -g -O2  -I/usr/local/include  -L/usr/local/lib64 conftest.cpp -lrcsc_agent -lrcsc_ann -lrcsc_net -lrcsc_time -lrcsc_param -lrcsc_gz -lrcsc_rcg -lrcsc_geom -lz -lm  >&5
ld: warning: directory not found for option '-L/usr/local/lib64'
configure:5702: $? = 0
configure:5702: result: yes
configure:5702: checking for sqrt
configure:5702: g++ -o conftest -g -O2  -I/usr/local/include  -L/usr/local/lib64 conftest.cpp -lrcsc_agent -lrcsc_ann -lrcsc_net -lrcsc_time -lrcsc_param -lrcsc_gz -lrcsc_rcg -lrcsc_geom -lz -lm  >&5
ld: warning: directory not found for option '-L/usr/local/lib64'
configure:5702: $? = 0
configure:5702: result: yes
configure:5702: checking for strerror
configure:5702: g++ -o conftest -g -O2  -I/usr/local/include  -L/usr/local/lib64 conftest.cpp -lrcsc_agent -lrcsc_ann -lrcsc_net -lrcsc_time -lrcsc_param -lrcsc_gz -lrcsc_rcg -lrcsc_geom -lz -lm  >&5
ld: warning: directory not found for option '-L/usr/local/lib64'
configure:5702: $? = 0
configure:5702: result: yes
configure:5848: creating ./config.status

## ---------------------- ##
## Running config.status. ##
## ---------------------- ##

This file was extended by agent2d config.status 3.1.1, which was
generated by GNU Autoconf 2.68.  Invocation command line was

  CONFIG_FILES    = 
  CONFIG_HEADERS  = 
  CONFIG_LINKS    = 
  CONFIG_COMMANDS = 
  $ ./config.status 

on Fernandos-MacBook-Pro.local

config.status:892: creating Makefile
config.status:892: creating src/Makefile
config.status:892: creating src/start.sh
config.status:892: creating src/keepaway.sh
config.status:892: creating src/train.sh
config.status:892: creating config.h
config.status:1073: config.h is unchanged
config.status:1121: executing depfiles commands

## ---------------- ##
## Cache variables. ##
## ---------------- ##

ac_cv_c_compiler_gnu=yes
ac_cv_c_const=yes
ac_cv_c_inline=inline
ac_cv_cxx_compiler_gnu=yes
ac_cv_env_CCC_set=
ac_cv_env_CCC_value=
ac_cv_env_CC_set=
ac_cv_env_CC_value=
ac_cv_env_CFLAGS_set=
ac_cv_env_CFLAGS_value=
ac_cv_env_CPPFLAGS_set=
ac_cv_env_CPPFLAGS_value=
ac_cv_env_CXXCPP_set=
ac_cv_env_CXXCPP_value=
ac_cv_env_CXXFLAGS_set=
ac_cv_env_CXXFLAGS_value=
ac_cv_env_CXX_set=
ac_cv_env_CXX_value=
ac_cv_env_LDFLAGS_set=
ac_cv_env_LDFLAGS_value=
ac_cv_env_LIBS_set=
ac_cv_env_LIBS_value=
ac_cv_env_build_alias_set=
ac_cv_env_build_alias_value=
ac_cv_env_host_alias_set=
ac_cv_env_host_alias_value=
ac_cv_env_target_alias_set=
ac_cv_env_target_alias_value=
ac_cv_func_floor=yes
ac_cv_func_pow=yes
ac_cv_func_sqrt=yes
ac_cv_func_strerror=yes
ac_cv_header_inttypes_h=yes
ac_cv_header_memory_h=yes
ac_cv_header_rcsc_types_h=yes
ac_cv_header_stdbool_h=yes
ac_cv_header_stdc=yes
ac_cv_header_stdint_h=yes
ac_cv_header_stdlib_h=yes
ac_cv_header_string_h=yes
ac_cv_header_strings_h=yes
ac_cv_header_sys_stat_h=yes
ac_cv_header_sys_types_h=yes
ac_cv_header_time=yes
ac_cv_header_unistd_h=yes
ac_cv_lib_m_cos=yes
ac_cv_lib_rcsc_agent_main=yes
ac_cv_lib_rcsc_ann_main=yes
ac_cv_lib_rcsc_geom_main=yes
ac_cv_lib_rcsc_gz_main=yes
ac_cv_lib_rcsc_net_main=yes
ac_cv_lib_rcsc_param_main=yes
ac_cv_lib_rcsc_rcg_main=yes
ac_cv_lib_rcsc_time_main=yes
ac_cv_lib_z_deflate=yes
ac_cv_objext=o
ac_cv_path_EGREP='/usr/bin/grep -E'
ac_cv_path_GREP=/usr/bin/grep
ac_cv_path_install='/usr/bin/install -c'
ac_cv_prog_AWK=awk
ac_cv_prog_CXXCPP='g++ -E'
ac_cv_prog_ac_ct_CC=gcc
ac_cv_prog_ac_ct_CXX=g++
ac_cv_prog_ac_ct_RANLIB=ranlib
ac_cv_prog_cc_c89=
ac_cv_prog_cc_g=yes
ac_cv_prog_cxx_g=yes
ac_cv_prog_make_make_set=yes
ac_cv_type__Bool=no
ac_cv_type_size_t=yes
am_cv_CC_dependencies_compiler_type=gcc3
am_cv_CXX_dependencies_compiler_type=gcc3

## ----------------- ##
## Output variables. ##
## ----------------- ##

ACLOCAL='${SHELL} "/Users/fernando/Google Drive/Sincronização/Fê/Inteligência Artificial em Robótica (ESZA022)/Projetos/RocoCup/Git/RoboCup/helios/config/missing" --run aclocal-1.11'
AMDEPBACKSLASH='\'
AMDEP_FALSE='#'
AMDEP_TRUE=''
AMTAR='${SHELL} "/Users/fernando/Google Drive/Sincronização/Fê/Inteligência Artificial em Robótica (ESZA022)/Projetos/RocoCup/Git/RoboCup/helios/config/missing" --run tar'
AUTOCONF='${SHELL} "/Users/fernando/Google Drive/Sincronização/Fê/Inteligência Artificial em Robótica (ESZA022)/Projetos/RocoCup/Git/RoboCup/helios/config/missing" --run autoconf'
AUTOHEADER='${SHELL} "/Users/fernando/Google Drive/Sincronização/Fê/Inteligência Artificial em Robótica (ESZA022)/Projetos/RocoCup/Git/RoboCup/helios/config/missing" --run autoheader'
AUTOMAKE='${SHELL} "/Users/fernando/Google Drive/Sincronização/Fê/Inteligência Artificial em Robótica (ESZA022)/Projetos/RocoCup/Git/RoboCup/helios/config/missing" --run automake-1.11'
AWK='awk'
BOOST_CPPFLAGS='-I/usr/local/include'
BOOST_LDFLAGS='-L/usr/local/lib64'
CC='gcc'
CCDEPMODE='depmode=gcc3'
CFLAGS='-g -O2'
CPPFLAGS=' -I/usr/local/include'
CXX='g++'
CXXCPP='g++ -E'
CXXDEPMODE='depmode=gcc3'
CXXFLAGS='-g -O2'
CYGPATH_W='echo'
DEFS='-DHAVE_CONFIG_H'
DEPDIR='.deps'
ECHO_C='\c'
ECHO_N=''
ECHO_T=''
EGREP='/usr/bin/grep -E'
EXEEXT=''
GREP='/usr/bin/grep'
INSTALL_DATA='${INSTALL} -m 644'
INSTALL_PROGRAM='${INSTALL}'
INSTALL_SCRIPT='${INSTALL}'
INSTALL_STRIP_PROGRAM='$(install_sh) -c -s'
LDFLAGS=' -L/usr/local/lib64'
LIBOBJS=''
LIBRCSCLIB='/usr/local/lib'
LIBS='-lrcsc_agent -lrcsc_ann -lrcsc_net -lrcsc_time -lrcsc_param -lrcsc_gz -lrcsc_rcg -lrcsc_geom -lz -lm '
LN_S='ln -s'
LTLIBOBJS=''
MAKEINFO='${SHELL} "/Users/fernando/Google Drive/Sincronização/Fê/Inteligência Artificial em Robótica (ESZA022)/Projetos/RocoCup/Git/RoboCup/helios/config/missing" --run makeinfo'
MKDIR_P='config/install-sh -c -d'
OBJEXT='o'
PACKAGE='agent2d'
PACKAGE_BUGREPORT='akky@users.sourceforge.jp'
PACKAGE_NAME='agent2d'
PACKAGE_STRING='agent2d 3.1.1'
PACKAGE_TARNAME='agent2d'
PACKAGE_URL=''
PACKAGE_VERSION='3.1.1'
PATH_SEPARATOR=':'
RANLIB='ranlib'
SET_MAKE=''
SHELL='/bin/sh'
STRIP=''
VERSION='3.1.1'
ac_ct_CC='gcc'
ac_ct_CXX='g++'
am__EXEEXT_FALSE=''
am__EXEEXT_TRUE='#'
am__fastdepCC_FALSE='#'
am__fastdepCC_TRUE=''
am__fastdepCXX_FALSE='#'
am__fastdepCXX_TRUE=''
am__include='include'
am__isrc=''
am__leading_dot='.'
am__quote=''
am__tar='${AMTAR} chof - "$$tardir"'
am__untar='${AMTAR} xf -'
bindir='${exec_prefix}/bin'
build_alias=''
datadir='${datarootdir}'
datarootdir='${prefix}/share'
docdir='${datarootdir}/doc/${PACKAGE_TARNAME}'
dvidir='${docdir}'
exec_prefix='${prefix}'
host_alias=''
htmldir='${docdir}'
includedir='${prefix}/include'
infodir='${datarootdir}/info'
install_sh='${SHELL} '\''/Users/fernando/Google Drive/Sincronização/Fê/Inteligência Artificial em Robótica (ESZA022)/Projetos/RocoCup/Git/RoboCup/helios/config/install-sh'\'''
libdir='${exec_prefix}/lib'
libexecdir='${exec_prefix}/libexec'
localedir='${datarootdir}/locale'
localstatedir='${prefix}/var'
mandir='${datarootdir}/man'
mkdir_p='$(top_builddir)/config/install-sh -c -d'
oldincludedir='/usr/include'
pdfdir='${docdir}'
prefix='/usr/local'
program_transform_name='s,x,x,'
psdir='${docdir}'
sbindir='${exec_prefix}/sbin'
sharedstatedir='${prefix}/com'
sysconfdir='${prefix}/etc'
target_alias=''

## ----------- ##
## confdefs.h. ##
## ----------- ##

/* confdefs.h */
#define PACKAGE_NAME "agent2d"
#define PACKAGE_TARNAME "agent2d"
#define PACKAGE_VERSION "3.1.1"
#define PACKAGE_STRING "agent2d 3.1.1"
#define PACKAGE_BUGREPORT "akky@users.sourceforge.jp"
#define PACKAGE_URL ""
#define PACKAGE "agent2d"
#define VERSION "3.1.1"
#define HAVE_BOOST /**/
#define HAVE_LIBZ 1
#define HAVE_LIBRCSC_GZ 1
#define STDC_HEADERS 1
#define HAVE_SYS_TYPES_H 1
#define HAVE_SYS_STAT_H 1
#define HAVE_STDLIB_H 1
#define HAVE_STRING_H 1
#define HAVE_MEMORY_H 1
#define HAVE_STRINGS_H 1
#define HAVE_INTTYPES_H 1
#define HAVE_STDINT_H 1
#define HAVE_UNISTD_H 1
#define HAVE_RCSC_TYPES_H 1
#define HAVE_STDBOOL_H 1
#define TIME_WITH_SYS_TIME 1
#define STDC_HEADERS 1
#define HAVE_FLOOR 1
#define HAVE_POW 1
#define HAVE_SQRT 1
#define HAVE_STRERROR 1

configure: exit 0
